Logger started at: 2012”N4ŒŽ14“ú 18Žž10•ª09•b JST
Component: com.appcelerator.titanium.mobile
Version: 1.0.0.1327639206
[10:9.786] Sent: >21*1334394609777*version<
[10:9.787] Recv: >1334394609777*2*1.8.1<
[10:9.789] Sent: >20*1334394609778*update<
[10:9.790] Recv: >1334394609778*1.8.1<
[10:9.791] Sent: >45*1334394609779*option*stepFiltersEnabled*false<
[10:9.792] Recv: >1334394609779<
[10:9.792] Sent: >36*1334394609780*option*monitorXHR*true<
[10:9.793] Recv: >1334394609780<
[10:9.793] Sent: >45*1334394609781*option*suspendOnFirstLine*false<
[10:9.794] Recv: >1334394609781<
[10:9.794] Sent: >46*1334394609782*option*suspendOnExceptions*false<
[10:9.795] Recv: >1334394609782<
[10:9.795] Sent: >41*1334394609783*option*suspendOnErrors*true<
[10:9.796] Recv: >1334394609783<
[10:9.796] Sent: >43*1334394609784*option*suspendOnKeywords*true<
[10:9.796] Recv: >1334394609784<
[10:9.796] Sent: >45*1334394609785*option*bypassConstructors*false<
[10:9.797] Recv: >1334394609785<
[10:9.797] Sent: >45*1334394609786*option*stepFiltersEnabled*false<
[10:9.798] Recv: >1334394609786<
[10:9.798] Sent: >30*1334394609787*detailFormatters<
[10:9.798] Recv: >1334394609787<
[10:9.799] Sent: >20*1334394609788*enable<
[10:9.800] Recv: >1334394609788<
[10:9.804] Recv: >threads*created*0*kroll$1<
[10:9.806] Recv: >log*out*[DEBUG] Analytics is enabled = YES<
[10:9.837] Recv: >log*out*[DEBUG] loading: /Users/ozaki.yoshiki/Library/Application Support/iPhone Simulator/5.0/Applications/455E1415-CAF4-4392-87A7-B0BACFBF91BE/KitchenSink.app/app.js, resource: app_js<
[10:9.840] Recv: >scripts*created*231589376|app:/app.js||1|406<
[10:9.841] Recv: >resumed*0*started<
[10:9.884] Recv: >log*out*[DEBUG] include url: file://localhost/Users/ozaki.yoshiki/Library/Application%20Support/iPhone%20Simulator/5.0/Applications/455E1415-CAF4-4392-87A7-B0BACFBF91BE/KitchenSink.app/welcome.js<
[10:9.884] Recv: >log*out*[DEBUG] loading: /Users/ozaki.yoshiki/Library/Application Support/iPhone Simulator/5.0/Applications/455E1415-CAF4-4392-87A7-B0BACFBF91BE/KitchenSink.app/welcome.js, resource: welcome_js<
[10:9.884] Recv: >threads*created*1*kroll$2<
[10:9.885] Recv: >scripts*created*231590672|app:/welcome.js||1|47<
[10:9.886] Recv: >log*out*[INFO] Welcome to Kitchen Sink for Titanium/1.8.1<
[10:9.886] Recv: >log*out*[DEBUG] loading: /Users/ozaki.yoshiki/Library/Application Support/iPhone Simulator/5.0/Applications/455E1415-CAF4-4392-87A7-B0BACFBF91BE/KitchenSink.app/main_windows/controls.js, resource: main_windows/controls_js<
[10:9.887] Recv: >scripts*created*231591560|app:/main_windows/controls.js||1|45<
[10:9.890] Recv: >log*out*[DEBUG] user agent set to Appcelerator Titanium/1.8.1 (iPhone Simulator/5.0; iPhone OS; en_US;)<
[10:9.892] Recv: >log*out*[DEBUG] locale specific date is 4/14/12<
[10:9.894] Recv: >log*out*[DEBUG] locale specific date (medium) is Apr 14, 2012<
[10:9.898] Recv: >log*out*[DEBUG] locale specific date (long) is April 14, 2012<
[10:9.898] Recv: >log*out*[DEBUG] locale specific time is 6:10 PM<
[10:9.903] Recv: >log*out*[DEBUG] locale specific currency is $12.99<
[10:9.904] Recv: >log*out*[DEBUG] locale specific decimal is 12.99<
[10:9.908] Recv: >log*out*[INFO] should be en, was = en<
[10:9.908] Recv: >log*out*[INFO] welcome_message = Welcome to Kitchen Sink for Titanium/<
[10:9.909] Recv: >log*out*[INFO] should be def, was = def<
[10:9.910] Recv: >log*out*[INFO] welcome_message = Welcome to Kitchen Sink for Titanium/<
[10:9.911] Recv: >log*out*[INFO] should be def, was = def<
[10:9.911] Recv: >log*out*[INFO] should be 1, was = 1<
[10:9.911] Recv: >log*out*[INFO] should be 1.0, was = 1.0<
[10:9.914] Recv: >log*out*[INFO] should be hello, was = hello<
[10:9.915] Recv: >log*out*[INFO] you should see a list of properties (3 or more) below this line<
[10:9.915] Recv: >log*out*[INFO] ---------------------------------------------------------------<
[10:9.918] Recv: >log*out*[INFO]          win1 property: url<
[10:9.919] Recv: >log*out*[INFO]          win1 property: tabBarHidden<
[10:9.919] Recv: >log*out*[INFO]          win1 property: titleid<
[10:9.920] Recv: >log*out*[INFO]          win1 property: titleImage<
[10:9.920] Recv: >log*out*[INFO]          win1 property: orientationModes<
[10:9.920] Recv: >log*out*[INFO]          win1 property: className<
[10:9.920] Recv: >log*out*[INFO]          win1 property: title<
[10:9.920] Recv: >log*out*[INFO] Did you see properties? ^^^^^ <
[10:9.921] Recv: >log*out*[INFO] ---------------------------------------------------------------<
[10:9.923] Recv: >log*out*[INFO] you should see a list of modules (3 or more) below this line<
[10:9.924] Recv: >log*out*[INFO] ---------------------------------------------------------------<
[10:9.924] Recv: >log*out*[INFO]              module: UI<
[10:9.924] Recv: >log*out*[INFO]              module: API<
[10:9.924] Recv: >log*out*[INFO]              module: App<
[10:9.925] Recv: >log*out*[INFO]              module: Locale<
[10:9.925] Recv: >log*out*[INFO] Did you see modules? ^^^^^ <
[10:9.925] Recv: >log*out*[INFO] ---------------------------------------------------------------<
[10:9.925] Recv: >log*out*[DEBUG] include url: file://localhost/Users/ozaki.yoshiki/Library/Application%20Support/iPhone%20Simulator/5.0/Applications/455E1415-CAF4-4392-87A7-B0BACFBF91BE/KitchenSink.app/examples/version.js<
[10:9.925] Recv: >log*out*[DEBUG] loading: /Users/ozaki.yoshiki/Library/Application Support/iPhone Simulator/5.0/Applications/455E1415-CAF4-4392-87A7-B0BACFBF91BE/KitchenSink.app/examples/version.js, resource: examples/version_js<
[10:9.925] Recv: >scripts*created*231590528|app:/examples/version.js||1|38<
[10:9.926] Recv: >log*out*[INFO] registered background service = [object TiAppiOSBackgroundService]<
[10:9.946] Recv: >log*out*[DEBUG] application booted in 234.050989 ms<
[10:33.150] Recv: >threads*created*2*kroll$3<
[10:33.158] Recv: >log*out*[DEBUG] loading: /Users/ozaki.yoshiki/Library/Application Support/iPhone Simulator/5.0/Applications/455E1415-CAF4-4392-87A7-B0BACFBF91BE/KitchenSink.app/examples/slider.js, resource: examples/slider_js<
[10:33.160] Recv: >scripts*created*231591800|app:/examples/slider.js||1|34<
[10:33.160] Recv: >resumed*2*started<
[10:34.333] Recv: >threads*created*3*kroll$4<
[10:34.334] Recv: >log*out*[DEBUG] loading: /Users/ozaki.yoshiki/Library/Application Support/iPhone Simulator/5.0/Applications/455E1415-CAF4-4392-87A7-B0BACFBF91BE/KitchenSink.app/examples/slider_basic.js, resource: examples/slider_basic_js<
[10:34.337] Recv: >scripts*created*232473224|app:/examples/slider_basic.js||1|235<
[10:34.338] Recv: >resumed*3*started<
[10:34.341] Recv: >log*out*[INFO] platform = iphone<
[10:40.21] Recv: >log*out*[INFO] Touch started: 0<
[10:43.468] Recv: >log*out*[INFO] Touch ended: 4.436619758605957<
[10:49.230] Recv: >threads*destroyed*3<
[10:50.205] Recv: >threads*created*4*kroll$5<
[10:50.206] Recv: >log*out*[DEBUG] loading: /Users/ozaki.yoshiki/Library/Application Support/iPhone Simulator/5.0/Applications/455E1415-CAF4-4392-87A7-B0BACFBF91BE/KitchenSink.app/examples/slider_min_max.js, resource: examples/slider_min_max_js<
[10:50.208] Recv: >scripts*created*232473728|app:/examples/slider_min_max.js||1|67<
[10:50.209] Recv: >resumed*4*started<
[10:58.847] Recv: >log*out*[INFO] tab blur - new index 2 old index 1<
[10:58.848] Recv: >threads*created*5*kroll$6<
[10:58.850] Recv: >log*out*[DEBUG] loading: /Users/ozaki.yoshiki/Library/Application Support/iPhone Simulator/5.0/Applications/455E1415-CAF4-4392-87A7-B0BACFBF91BE/KitchenSink.app/main_windows/phone.js, resource: main_windows/phone_js<
[10:58.852] Recv: >scripts*created*232474496|app:/main_windows/phone.js||1|60<
[10:59.856] Recv: >log*out*[INFO] tab Phone prevTab = Controls<
----------End of file----------
